[2020-04-18 05:19:07] flutterwave/rave.NOTICE: Generating Reference Number.... [] []
[2020-04-18 05:19:07] flutterwave/rave.NOTICE: Generated Reference Number....MY_APP_NAME [] []
[2020-04-18 05:19:07] flutterwave/rave.NOTICE: Rave Class Initializes.... [] []
[2020-04-18 05:19:07] flutterwave/rave.NOTICE: Generating Reference Number.... [] []
[2020-04-18 05:19:07] flutterwave/rave.NOTICE: Generated Reference Number....b449a7de7f05416de137e0be1787cd469b323c763d2174647e09b89e45d1f990 [] []
[2020-04-18 05:19:07] flutterwave/rave.NOTICE: Rave Class Initializes.... [] []
[2020-04-18 05:19:07] flutterwave/rave.NOTICE: Generating Checksum.... [] []
[2020-04-18 17:26:00] flutterwave/rave.NOTICE: Generating Reference Number.... [] []
[2020-04-18 17:26:00] flutterwave/rave.NOTICE: Generated Reference Number....MY_APP_NAME [] []
[2020-04-18 17:26:00] flutterwave/rave.NOTICE: Rave Class Initializes.... [] []
[2020-04-18 17:26:00] flutterwave/rave.NOTICE: Generating Reference Number.... [] []
[2020-04-18 17:26:00] flutterwave/rave.NOTICE: Generated Reference Number....dbba3162e3be01ee2327df575371839ac429d0321fa7b624e8e6ab5b0c675b1e [] []
[2020-04-18 17:26:00] flutterwave/rave.NOTICE: Rave Class Initializes.... [] []
[2020-04-18 17:26:00] flutterwave/rave.NOTICE: Generating Checksum.... [] []
[2020-04-18 17:27:39] flutterwave/rave.NOTICE: Generating Reference Number.... [] []
[2020-04-18 17:27:39] flutterwave/rave.NOTICE: Generated Reference Number....MY_APP_NAME [] []
[2020-04-18 17:27:39] flutterwave/rave.NOTICE: Rave Class Initializes.... [] []
[2020-04-18 17:27:39] flutterwave/rave.NOTICE: Generating Reference Number.... [] []
[2020-04-18 17:27:39] flutterwave/rave.NOTICE: Generated Reference Number....dbba3162e3be01ee2327df575371839ac429d0321fa7b624e8e6ab5b0c675b1e [] []
[2020-04-18 17:27:39] flutterwave/rave.NOTICE: Rave Class Initializes.... [] []
[2020-04-18 17:27:39] flutterwave/rave.NOTICE: Generating Checksum.... [] []
